<?xml version="1.0" encoding="UTF-8"?>
<testng-results ignored="0" total="1" passed="1" failed="0" skipped="0">
  <reporter-output>
  </reporter-output>
  <suite started-at="2022-09-24T12:53:56 BDT" name="Default suite" finished-at="2022-09-24T12:55:48 BDT" duration-ms="111400">
    <groups>
    </groups>
    <test started-at="2022-09-24T12:53:56 BDT" name="Default test" finished-at="2022-09-24T12:55:48 BDT" duration-ms="111400">
      <class name="tests.Logcsv">
        <test-method is-config="true" signature="start()[pri:0, instance:tests.Logcsv@2b40ff9c]" started-at="2022-09-24T12:53:55 BDT" name="start" finished-at="2022-09-24T12:53:56 BDT" duration-ms="1758" status="PASS">
          <reporter-output>
          </reporter-output>
        </test-method> <!-- start -->
        <test-method is-config="true" signature="startUrl()[pri:0, instance:tests.Logcsv@2b40ff9c]" started-at="2022-09-24T12:53:56 BDT" name="startUrl" finished-at="2022-09-24T12:54:09 BDT" duration-ms="12498" status="PASS">
          <reporter-output>
          </reporter-output>
        </test-method> <!-- startUrl -->
        <test-method signature="Login()[pri:0, instance:tests.Logcsv@2b40ff9c]" started-at="2022-09-24T12:54:09 BDT" name="Login" finished-at="2022-09-24T12:55:48 BDT" duration-ms="98845" status="PASS">
          <reporter-output>
          </reporter-output>
        </test-method> <!-- Login -->
        <test-method is-config="true" signature="close()[pri:0, instance:tests.Logcsv@2b40ff9c]" started-at="2022-09-24T12:55:48 BDT" name="close" finished-at="2022-09-24T12:55:48 BDT" duration-ms="346" status="PASS">
          <reporter-output>
          </reporter-output>
        </test-method> <!-- close -->
      </class> <!-- tests.Logcsv -->
    </test> <!-- Default test -->
  </suite> <!-- Default suite -->
</testng-results>
